2026-04-24 15:14:09.694 INFO  [] o.h.validator.internal.util.Version - HV000001: Hibernate Validator 8.0.1.Final
2026-04-24 15:14:09.709 INFO  [] c.c.a.EntryLevelJavaChallengeApplication - Starting EntryLevelJavaChallengeApplication using Java 17.0.19 with PID 233030 (/home/sid/Projects/entry-level-java-challenge/api/build/classes/java/main started by sid in /home/sid/Projects/entry-level-java-challenge)
2026-04-24 15:14:09.709 INFO  [] c.c.a.EntryLevelJavaChallengeApplication - No active profile set, falling back to 1 default profile: "default"
2026-04-24 15:14:10.107 INFO  [] o.s.b.w.e.tomcat.TomcatWebServer - Tomcat initialized with port 8080 (http)
2026-04-24 15:14:10.112 INFO  [] o.a.coyote.http11.Http11NioProtocol - Initializing ProtocolHandler ["http-nio-8080"]
2026-04-24 15:14:10.114 INFO  [] o.a.catalina.core.StandardService - Starting service [Tomcat]
2026-04-24 15:14:10.114 INFO  [] o.a.catalina.core.StandardEngine - Starting Servlet engine: [Apache Tomcat/10.1.30]
2026-04-24 15:14:10.139 INFO  [] o.a.c.c.C.[Tomcat].[localhost].[/] - Initializing Spring embedded WebApplicationContext
2026-04-24 15:14:10.140 INFO  [] o.s.b.w.s.c.ServletWebServerApplicationContext - Root WebApplicationContext: initialization completed in 411 ms
2026-04-24 15:14:10.303 INFO  [] o.a.coyote.http11.Http11NioProtocol - Starting ProtocolHandler ["http-nio-8080"]
2026-04-24 15:14:10.310 INFO  [] o.s.b.w.e.tomcat.TomcatWebServer - Tomcat started on port 8080 (http) with context path ''
2026-04-24 15:14:10.315 INFO  [] c.c.a.EntryLevelJavaChallengeApplication - Started EntryLevelJavaChallengeApplication in 0.809 seconds (process running for 1.02)
2026-04-24 15:14:23.439 INFO  [] o.a.c.c.C.[Tomcat].[localhost].[/] - Initializing Spring DispatcherServlet 'dispatcherServlet'
2026-04-24 15:14:23.440 INFO  [] o.s.web.servlet.DispatcherServlet - Initializing Servlet 'dispatcherServlet'
2026-04-24 15:14:23.440 INFO  [] o.s.web.servlet.DispatcherServlet - Completed initialization in 0 ms
2026-04-24 15:14:28.628 INFO  [] c.c.api.service.EmployeeService - Creating a new employee
2026-04-24 15:14:28.629 INFO  [] c.c.api.service.EmployeeService - Successfully created a new employee
2026-04-24 15:14:41.724 INFO  [] c.c.api.service.EmployeeService - Returning employee with UUID: e096e359-8c05-4559-a9e1-8a329c2069f0
2026-04-24 15:14:46.227 INFO  [] c.c.api.service.EmployeeService - Returning employee with UUID: e096e359-8c05-4559-a9e1-8a329c2069f0
2026-04-24 15:39:10.567 INFO  [] o.h.validator.internal.util.Version - HV000001: Hibernate Validator 8.0.1.Final
2026-04-24 15:39:10.585 INFO  [] c.c.a.EntryLevelJavaChallengeApplication - Starting EntryLevelJavaChallengeApplication using Java 17.0.19 with PID 247494 (/home/sid/Projects/entry-level-java-challenge/api/build/classes/java/main started by sid in /home/sid/Projects/entry-level-java-challenge)
2026-04-24 15:39:10.586 INFO  [] c.c.a.EntryLevelJavaChallengeApplication - No active profile set, falling back to 1 default profile: "default"
2026-04-24 15:39:11.011 INFO  [] o.s.b.w.e.tomcat.TomcatWebServer - Tomcat initialized with port 8080 (http)
2026-04-24 15:39:11.017 INFO  [] o.a.coyote.http11.Http11NioProtocol - Initializing ProtocolHandler ["http-nio-8080"]
2026-04-24 15:39:11.019 INFO  [] o.a.catalina.core.StandardService - Starting service [Tomcat]
2026-04-24 15:39:11.019 INFO  [] o.a.catalina.core.StandardEngine - Starting Servlet engine: [Apache Tomcat/10.1.30]
2026-04-24 15:39:11.047 INFO  [] o.a.c.c.C.[Tomcat].[localhost].[/] - Initializing Spring embedded WebApplicationContext
2026-04-24 15:39:11.047 INFO  [] o.s.b.w.s.c.ServletWebServerApplicationContext - Root WebApplicationContext: initialization completed in 441 ms
2026-04-24 15:39:11.203 INFO  [] o.a.coyote.http11.Http11NioProtocol - Starting ProtocolHandler ["http-nio-8080"]
2026-04-24 15:39:11.209 INFO  [] o.s.b.w.e.tomcat.TomcatWebServer - Tomcat started on port 8080 (http) with context path ''
2026-04-24 15:39:11.214 INFO  [] c.c.a.EntryLevelJavaChallengeApplication - Started EntryLevelJavaChallengeApplication in 0.807 seconds (process running for 1.029)
2026-04-24 17:16:32.854 INFO  [] o.h.validator.internal.util.Version - HV000001: Hibernate Validator 8.0.1.Final
2026-04-24 17:16:32.901 INFO  [] c.c.a.EntryLevelJavaChallengeApplication - Starting EntryLevelJavaChallengeApplication using Java 17.0.19 with PID 300224 (/home/sid/Projects/entry-level-java-challenge/api/build/classes/java/main started by sid in /home/sid/Projects/entry-level-java-challenge)
2026-04-24 17:16:32.901 INFO  [] c.c.a.EntryLevelJavaChallengeApplication - No active profile set, falling back to 1 default profile: "default"
2026-04-24 17:16:33.443 INFO  [] o.s.b.w.e.tomcat.TomcatWebServer - Tomcat initialized with port 8080 (http)
2026-04-24 17:16:33.448 INFO  [] o.a.coyote.http11.Http11NioProtocol - Initializing ProtocolHandler ["http-nio-8080"]
2026-04-24 17:16:33.449 INFO  [] o.a.catalina.core.StandardService - Starting service [Tomcat]
2026-04-24 17:16:33.450 INFO  [] o.a.catalina.core.StandardEngine - Starting Servlet engine: [Apache Tomcat/10.1.30]
2026-04-24 17:16:33.474 INFO  [] o.a.c.c.C.[Tomcat].[localhost].[/] - Initializing Spring embedded WebApplicationContext
2026-04-24 17:16:33.474 INFO  [] o.s.b.w.s.c.ServletWebServerApplicationContext - Root WebApplicationContext: initialization completed in 543 ms
2026-04-24 17:16:33.503 WARN  [] o.s.b.w.s.c.AnnotationConfigServletWebServerApplicationContext - Exception encountered during context initialization - cancelling refresh attempt: org.springframework.beans.factory.UnsatisfiedDependencyException: Error creating bean with name 'webSecurityConfig' defined in file [/home/sid/Projects/entry-level-java-challenge/api/build/classes/java/main/com/challenge/api/config/WebSecurityConfig.class]: Unsatisfied dependency expressed through constructor parameter 0: No qualifying bean of type 'com.challenge.api.filter.APIKeyAuthFilter' available: expected at least 1 bean which qualifies as autowire candidate. Dependency annotations: {}
2026-04-24 17:16:33.504 INFO  [] o.a.catalina.core.StandardService - Stopping service [Tomcat]
2026-04-24 17:16:33.514 INFO  [] o.s.b.a.l.ConditionEvaluationReportLogger - 

Error starting ApplicationContext. To display the condition evaluation report re-run your application with 'debug' enabled.
2026-04-24 17:16:33.522 ERROR [] o.s.b.d.LoggingFailureAnalysisReporter - 

***************************
APPLICATION FAILED TO START
***************************

Description:

Parameter 0 of constructor in com.challenge.api.config.WebSecurityConfig required a bean of type 'com.challenge.api.filter.APIKeyAuthFilter' that could not be found.


Action:

Consider defining a bean of type 'com.challenge.api.filter.APIKeyAuthFilter' in your configuration.

2026-04-24 17:17:42.174 INFO  [] o.h.validator.internal.util.Version - HV000001: Hibernate Validator 8.0.1.Final
2026-04-24 17:17:42.200 INFO  [] c.c.a.EntryLevelJavaChallengeApplication - Starting EntryLevelJavaChallengeApplication using Java 17.0.19 with PID 301053 (/home/sid/Projects/entry-level-java-challenge/api/build/classes/java/main started by sid in /home/sid/Projects/entry-level-java-challenge)
2026-04-24 17:17:42.202 INFO  [] c.c.a.EntryLevelJavaChallengeApplication - No active profile set, falling back to 1 default profile: "default"
2026-04-24 17:17:42.760 INFO  [] o.s.b.w.e.tomcat.TomcatWebServer - Tomcat initialized with port 8080 (http)
2026-04-24 17:17:42.764 INFO  [] o.a.coyote.http11.Http11NioProtocol - Initializing ProtocolHandler ["http-nio-8080"]
2026-04-24 17:17:42.765 INFO  [] o.a.catalina.core.StandardService - Starting service [Tomcat]
2026-04-24 17:17:42.765 INFO  [] o.a.catalina.core.StandardEngine - Starting Servlet engine: [Apache Tomcat/10.1.30]
2026-04-24 17:17:42.784 INFO  [] o.a.c.c.C.[Tomcat].[localhost].[/] - Initializing Spring embedded WebApplicationContext
2026-04-24 17:17:42.785 INFO  [] o.s.b.w.s.c.ServletWebServerApplicationContext - Root WebApplicationContext: initialization completed in 558 ms
2026-04-24 17:17:42.790 ERROR [] o.s.b.w.e.tomcat.TomcatStarter - Error starting Tomcat context. Exception: org.springframework.beans.factory.BeanCreationException. Message: Error creating bean with name 'APIKeyAuthFilter': Injection of autowired dependencies failed
2026-04-24 17:17:42.800 INFO  [] o.a.catalina.core.StandardService - Stopping service [Tomcat]
2026-04-24 17:17:42.803 WARN  [] o.s.b.w.s.c.AnnotationConfigServletWebServerApplicationContext - Exception encountered during context initialization - cancelling refresh attempt: org.springframework.context.ApplicationContextException: Unable to start web server
2026-04-24 17:17:42.808 INFO  [] o.s.b.a.l.ConditionEvaluationReportLogger - 

Error starting ApplicationContext. To display the condition evaluation report re-run your application with 'debug' enabled.
2026-04-24 17:17:42.815 ERROR [] o.s.boot.SpringApplication - Application run failed
org.springframework.context.ApplicationContextException: Unable to start web server
	at org.springframework.boot.web.servlet.context.ServletWebServerApplicationContext.onRefresh(ServletWebServerApplicationContext.java:165)
	at org.springframework.context.support.AbstractApplicationContext.refresh(AbstractApplicationContext.java:619)
	at org.springframework.boot.web.servlet.context.ServletWebServerApplicationContext.refresh(ServletWebServerApplicationContext.java:146)
	at org.springframework.boot.SpringApplication.refresh(SpringApplication.java:754)
	at org.springframework.boot.SpringApplication.refreshContext(SpringApplication.java:456)
	at org.springframework.boot.SpringApplication.run(SpringApplication.java:335)
	at org.springframework.boot.SpringApplication.run(SpringApplication.java:1363)
	at org.springframework.boot.SpringApplication.run(SpringApplication.java:1352)
	at com.challenge.api.EntryLevelJavaChallengeApplication.main(EntryLevelJavaChallengeApplication.java:10)
Caused by: org.springframework.boot.web.server.WebServerException: Unable to start embedded Tomcat
	at org.springframework.boot.web.embedded.tomcat.TomcatWebServer.initialize(TomcatWebServer.java:145)
	at org.springframework.boot.web.embedded.tomcat.TomcatWebServer.<init>(TomcatWebServer.java:105)
	at org.springframework.boot.web.embedded.tomcat.TomcatServletWebServerFactory.getTomcatWebServer(TomcatServletWebServerFactory.java:499)
	at org.springframework.boot.web.embedded.tomcat.TomcatServletWebServerFactory.getWebServer(TomcatServletWebServerFactory.java:218)
	at org.springframework.boot.web.servlet.context.ServletWebServerApplicationContext.createWebServer(ServletWebServerApplicationContext.java:188)
	at org.springframework.boot.web.servlet.context.ServletWebServerApplicationContext.onRefresh(ServletWebServerApplicationContext.java:162)
	... 8 common frames omitted
Caused by: org.springframework.beans.factory.BeanCreationException: Error creating bean with name 'APIKeyAuthFilter': Injection of autowired dependencies failed
	at org.springframework.beans.factory.annotation.AutowiredAnnotationBeanPostProcessor.postProcessProperties(AutowiredAnnotationBeanPostProcessor.java:515)
	at org.springframework.beans.factory.support.AbstractAutowireCapableBeanFactory.populateBean(AbstractAutowireCapableBeanFactory.java:1439)
	at org.springframework.beans.factory.support.AbstractAutowireCapableBeanFactory.doCreateBean(AbstractAutowireCapableBeanFactory.java:599)
	at org.springframework.beans.factory.support.AbstractAutowireCapableBeanFactory.createBean(AbstractAutowireCapableBeanFactory.java:522)
	at org.springframework.beans.factory.support.AbstractBeanFactory.lambda$doGetBean$0(AbstractBeanFactory.java:337)
	at org.springframework.beans.factory.support.DefaultSingletonBeanRegistry.getSingleton(DefaultSingletonBeanRegistry.java:234)
	at org.springframework.beans.factory.support.AbstractBeanFactory.doGetBean(AbstractBeanFactory.java:335)
	at org.springframework.beans.factory.support.AbstractBeanFactory.getBean(AbstractBeanFactory.java:205)
	at org.springframework.boot.web.servlet.ServletContextInitializerBeans.getOrderedBeansOfType(ServletContextInitializerBeans.java:210)
	at org.springframework.boot.web.servlet.ServletContextInitializerBeans.addAsRegistrationBean(ServletContextInitializerBeans.java:173)
	at org.springframework.boot.web.servlet.ServletContextInitializerBeans.addAsRegistrationBean(ServletContextInitializerBeans.java:168)
	at org.springframework.boot.web.servlet.ServletContextInitializerBeans.addAdaptableBeans(ServletContextInitializerBeans.java:153)
	at org.springframework.boot.web.servlet.ServletContextInitializerBeans.<init>(ServletContextInitializerBeans.java:86)
	at org.springframework.boot.web.servlet.context.ServletWebServerApplicationContext.getServletContextInitializerBeans(ServletWebServerApplicationContext.java:266)
	at org.springframework.boot.web.servlet.context.ServletWebServerApplicationContext.selfInitialize(ServletWebServerApplicationContext.java:240)
	at org.springframework.boot.web.embedded.tomcat.TomcatStarter.onStartup(TomcatStarter.java:52)
	at org.apache.catalina.core.StandardContext.startInternal(StandardContext.java:4412)
	at org.apache.catalina.util.LifecycleBase.start(LifecycleBase.java:164)
	at org.apache.catalina.core.ContainerBase$StartChild.call(ContainerBase.java:1203)
	at org.apache.catalina.core.ContainerBase$StartChild.call(ContainerBase.java:1193)
	at java.base/java.util.concurrent.FutureTask.run(FutureTask.java:264)
	at org.apache.tomcat.util.threads.InlineExecutorService.execute(InlineExecutorService.java:75)
	at java.base/java.util.concurrent.AbstractExecutorService.submit(AbstractExecutorService.java:145)
	at org.apache.catalina.core.ContainerBase.startInternal(ContainerBase.java:749)
	at org.apache.catalina.core.StandardHost.startInternal(StandardHost.java:772)
	at org.apache.catalina.util.LifecycleBase.start(LifecycleBase.java:164)
	at org.apache.catalina.core.ContainerBase$StartChild.call(ContainerBase.java:1203)
	at org.apache.catalina.core.ContainerBase$StartChild.call(ContainerBase.java:1193)
	at java.base/java.util.concurrent.FutureTask.run(FutureTask.java:264)
	at org.apache.tomcat.util.threads.InlineExecutorService.execute(InlineExecutorService.java:75)
	at java.base/java.util.concurrent.AbstractExecutorService.submit(AbstractExecutorService.java:145)
	at org.apache.catalina.core.ContainerBase.startInternal(ContainerBase.java:749)
	at org.apache.catalina.core.StandardEngine.startInternal(StandardEngine.java:203)
	at org.apache.catalina.util.LifecycleBase.start(LifecycleBase.java:164)
	at org.apache.catalina.core.StandardService.startInternal(StandardService.java:415)
	at org.apache.catalina.util.LifecycleBase.start(LifecycleBase.java:164)
	at org.apache.catalina.core.StandardServer.startInternal(StandardServer.java:870)
	at org.apache.catalina.util.LifecycleBase.start(LifecycleBase.java:164)
	at org.apache.catalina.startup.Tomcat.start(Tomcat.java:437)
	at org.springframework.boot.web.embedded.tomcat.TomcatWebServer.initialize(TomcatWebServer.java:126)
	... 13 common frames omitted
Caused by: java.lang.IllegalArgumentException: Could not resolve placeholder 'api.security.key' in value "${api.security.key}"
	at org.springframework.util.PropertyPlaceholderHelper.parseStringValue(PropertyPlaceholderHelper.java:180)
	at org.springframework.util.PropertyPlaceholderHelper.replacePlaceholders(PropertyPlaceholderHelper.java:126)
	at org.springframework.core.env.AbstractPropertyResolver.doResolvePlaceholders(AbstractPropertyResolver.java:239)
	at org.springframework.core.env.AbstractPropertyResolver.resolveRequiredPlaceholders(AbstractPropertyResolver.java:210)
	at org.springframework.context.support.PropertySourcesPlaceholderConfigurer.lambda$processProperties$0(PropertySourcesPlaceholderConfigurer.java:200)
	at org.springframework.beans.factory.support.AbstractBeanFactory.resolveEmbeddedValue(AbstractBeanFactory.java:964)
	at org.springframework.beans.factory.support.DefaultListableBeanFactory.doResolveDependency(DefaultListableBeanFactory.java:1374)
	at org.springframework.beans.factory.support.DefaultListableBeanFactory.resolveDependency(DefaultListableBeanFactory.java:1353)
	at org.springframework.beans.factory.annotation.AutowiredAnnotationBeanPostProcessor$AutowiredFieldElement.resolveFieldValue(AutowiredAnnotationBeanPostProcessor.java:785)
	at org.springframework.beans.factory.annotation.AutowiredAnnotationBeanPostProcessor$AutowiredFieldElement.inject(AutowiredAnnotationBeanPostProcessor.java:768)
	at org.springframework.beans.factory.annotation.InjectionMetadata.inject(InjectionMetadata.java:145)
	at org.springframework.beans.factory.annotation.AutowiredAnnotationBeanPostProcessor.postProcessProperties(AutowiredAnnotationBeanPostProcessor.java:509)
	... 52 common frames omitted
2026-04-24 17:19:40.102 INFO  [] o.h.validator.internal.util.Version - HV000001: Hibernate Validator 8.0.1.Final
2026-04-24 17:19:40.116 INFO  [] c.c.a.EntryLevelJavaChallengeApplication - Starting EntryLevelJavaChallengeApplication using Java 17.0.19 with PID 302589 (/home/sid/Projects/entry-level-java-challenge/api/build/classes/java/main started by sid in /home/sid/Projects/entry-level-java-challenge)
2026-04-24 17:19:40.117 INFO  [] c.c.a.EntryLevelJavaChallengeApplication - No active profile set, falling back to 1 default profile: "default"
2026-04-24 17:19:40.587 INFO  [] o.s.b.w.e.tomcat.TomcatWebServer - Tomcat initialized with port 8080 (http)
2026-04-24 17:19:40.591 INFO  [] o.a.coyote.http11.Http11NioProtocol - Initializing ProtocolHandler ["http-nio-8080"]
2026-04-24 17:19:40.592 INFO  [] o.a.catalina.core.StandardService - Starting service [Tomcat]
2026-04-24 17:19:40.592 INFO  [] o.a.catalina.core.StandardEngine - Starting Servlet engine: [Apache Tomcat/10.1.30]
2026-04-24 17:19:40.612 INFO  [] o.a.c.c.C.[Tomcat].[localhost].[/] - Initializing Spring embedded WebApplicationContext
2026-04-24 17:19:40.612 INFO  [] o.s.b.w.s.c.ServletWebServerApplicationContext - Root WebApplicationContext: initialization completed in 474 ms
2026-04-24 17:19:40.618 ERROR [] o.s.b.w.e.tomcat.TomcatStarter - Error starting Tomcat context. Exception: org.springframework.beans.factory.BeanCreationException. Message: Error creating bean with name 'APIKeyAuthFilter': Injection of autowired dependencies failed
2026-04-24 17:19:40.627 INFO  [] o.a.catalina.core.StandardService - Stopping service [Tomcat]
2026-04-24 17:19:40.632 WARN  [] o.s.b.w.s.c.AnnotationConfigServletWebServerApplicationContext - Exception encountered during context initialization - cancelling refresh attempt: org.springframework.context.ApplicationContextException: Unable to start web server
2026-04-24 17:19:40.637 INFO  [] o.s.b.a.l.ConditionEvaluationReportLogger - 

Error starting ApplicationContext. To display the condition evaluation report re-run your application with 'debug' enabled.
2026-04-24 17:19:40.643 ERROR [] o.s.boot.SpringApplication - Application run failed
org.springframework.context.ApplicationContextException: Unable to start web server
	at org.springframework.boot.web.servlet.context.ServletWebServerApplicationContext.onRefresh(ServletWebServerApplicationContext.java:165)
	at org.springframework.context.support.AbstractApplicationContext.refresh(AbstractApplicationContext.java:619)
	at org.springframework.boot.web.servlet.context.ServletWebServerApplicationContext.refresh(ServletWebServerApplicationContext.java:146)
	at org.springframework.boot.SpringApplication.refresh(SpringApplication.java:754)
	at org.springframework.boot.SpringApplication.refreshContext(SpringApplication.java:456)
	at org.springframework.boot.SpringApplication.run(SpringApplication.java:335)
	at org.springframework.boot.SpringApplication.run(SpringApplication.java:1363)
	at org.springframework.boot.SpringApplication.run(SpringApplication.java:1352)
	at com.challenge.api.EntryLevelJavaChallengeApplication.main(EntryLevelJavaChallengeApplication.java:10)
Caused by: org.springframework.boot.web.server.WebServerException: Unable to start embedded Tomcat
	at org.springframework.boot.web.embedded.tomcat.TomcatWebServer.initialize(TomcatWebServer.java:145)
	at org.springframework.boot.web.embedded.tomcat.TomcatWebServer.<init>(TomcatWebServer.java:105)
	at org.springframework.boot.web.embedded.tomcat.TomcatServletWebServerFactory.getTomcatWebServer(TomcatServletWebServerFactory.java:499)
	at org.springframework.boot.web.embedded.tomcat.TomcatServletWebServerFactory.getWebServer(TomcatServletWebServerFactory.java:218)
	at org.springframework.boot.web.servlet.context.ServletWebServerApplicationContext.createWebServer(ServletWebServerApplicationContext.java:188)
	at org.springframework.boot.web.servlet.context.ServletWebServerApplicationContext.onRefresh(ServletWebServerApplicationContext.java:162)
	... 8 common frames omitted
Caused by: org.springframework.beans.factory.BeanCreationException: Error creating bean with name 'APIKeyAuthFilter': Injection of autowired dependencies failed
	at org.springframework.beans.factory.annotation.AutowiredAnnotationBeanPostProcessor.postProcessProperties(AutowiredAnnotationBeanPostProcessor.java:515)
	at org.springframework.beans.factory.support.AbstractAutowireCapableBeanFactory.populateBean(AbstractAutowireCapableBeanFactory.java:1439)
	at org.springframework.beans.factory.support.AbstractAutowireCapableBeanFactory.doCreateBean(AbstractAutowireCapableBeanFactory.java:599)
	at org.springframework.beans.factory.support.AbstractAutowireCapableBeanFactory.createBean(AbstractAutowireCapableBeanFactory.java:522)
	at org.springframework.beans.factory.support.AbstractBeanFactory.lambda$doGetBean$0(AbstractBeanFactory.java:337)
	at org.springframework.beans.factory.support.DefaultSingletonBeanRegistry.getSingleton(DefaultSingletonBeanRegistry.java:234)
	at org.springframework.beans.factory.support.AbstractBeanFactory.doGetBean(AbstractBeanFactory.java:335)
	at org.springframework.beans.factory.support.AbstractBeanFactory.getBean(AbstractBeanFactory.java:205)
	at org.springframework.boot.web.servlet.ServletContextInitializerBeans.getOrderedBeansOfType(ServletContextInitializerBeans.java:210)
	at org.springframework.boot.web.servlet.ServletContextInitializerBeans.addAsRegistrationBean(ServletContextInitializerBeans.java:173)
	at org.springframework.boot.web.servlet.ServletContextInitializerBeans.addAsRegistrationBean(ServletContextInitializerBeans.java:168)
	at org.springframework.boot.web.servlet.ServletContextInitializerBeans.addAdaptableBeans(ServletContextInitializerBeans.java:153)
	at org.springframework.boot.web.servlet.ServletContextInitializerBeans.<init>(ServletContextInitializerBeans.java:86)
	at org.springframework.boot.web.servlet.context.ServletWebServerApplicationContext.getServletContextInitializerBeans(ServletWebServerApplicationContext.java:266)
	at org.springframework.boot.web.servlet.context.ServletWebServerApplicationContext.selfInitialize(ServletWebServerApplicationContext.java:240)
	at org.springframework.boot.web.embedded.tomcat.TomcatStarter.onStartup(TomcatStarter.java:52)
	at org.apache.catalina.core.StandardContext.startInternal(StandardContext.java:4412)
	at org.apache.catalina.util.LifecycleBase.start(LifecycleBase.java:164)
	at org.apache.catalina.core.ContainerBase$StartChild.call(ContainerBase.java:1203)
	at org.apache.catalina.core.ContainerBase$StartChild.call(ContainerBase.java:1193)
	at java.base/java.util.concurrent.FutureTask.run(FutureTask.java:264)
	at org.apache.tomcat.util.threads.InlineExecutorService.execute(InlineExecutorService.java:75)
	at java.base/java.util.concurrent.AbstractExecutorService.submit(AbstractExecutorService.java:145)
	at org.apache.catalina.core.ContainerBase.startInternal(ContainerBase.java:749)
	at org.apache.catalina.core.StandardHost.startInternal(StandardHost.java:772)
	at org.apache.catalina.util.LifecycleBase.start(LifecycleBase.java:164)
	at org.apache.catalina.core.ContainerBase$StartChild.call(ContainerBase.java:1203)
	at org.apache.catalina.core.ContainerBase$StartChild.call(ContainerBase.java:1193)
	at java.base/java.util.concurrent.FutureTask.run(FutureTask.java:264)
	at org.apache.tomcat.util.threads.InlineExecutorService.execute(InlineExecutorService.java:75)
	at java.base/java.util.concurrent.AbstractExecutorService.submit(AbstractExecutorService.java:145)
	at org.apache.catalina.core.ContainerBase.startInternal(ContainerBase.java:749)
	at org.apache.catalina.core.StandardEngine.startInternal(StandardEngine.java:203)
	at org.apache.catalina.util.LifecycleBase.start(LifecycleBase.java:164)
	at org.apache.catalina.core.StandardService.startInternal(StandardService.java:415)
	at org.apache.catalina.util.LifecycleBase.start(LifecycleBase.java:164)
	at org.apache.catalina.core.StandardServer.startInternal(StandardServer.java:870)
	at org.apache.catalina.util.LifecycleBase.start(LifecycleBase.java:164)
	at org.apache.catalina.startup.Tomcat.start(Tomcat.java:437)
	at org.springframework.boot.web.embedded.tomcat.TomcatWebServer.initialize(TomcatWebServer.java:126)
	... 13 common frames omitted
Caused by: java.lang.IllegalArgumentException: Could not resolve placeholder 'api.security.key' in value "${api.security.key}"
	at org.springframework.util.PropertyPlaceholderHelper.parseStringValue(PropertyPlaceholderHelper.java:180)
	at org.springframework.util.PropertyPlaceholderHelper.replacePlaceholders(PropertyPlaceholderHelper.java:126)
	at org.springframework.core.env.AbstractPropertyResolver.doResolvePlaceholders(AbstractPropertyResolver.java:239)
	at org.springframework.core.env.AbstractPropertyResolver.resolveRequiredPlaceholders(AbstractPropertyResolver.java:210)
	at org.springframework.context.support.PropertySourcesPlaceholderConfigurer.lambda$processProperties$0(PropertySourcesPlaceholderConfigurer.java:200)
	at org.springframework.beans.factory.support.AbstractBeanFactory.resolveEmbeddedValue(AbstractBeanFactory.java:964)
	at org.springframework.beans.factory.support.DefaultListableBeanFactory.doResolveDependency(DefaultListableBeanFactory.java:1374)
	at org.springframework.beans.factory.support.DefaultListableBeanFactory.resolveDependency(DefaultListableBeanFactory.java:1353)
	at org.springframework.beans.factory.annotation.AutowiredAnnotationBeanPostProcessor$AutowiredFieldElement.resolveFieldValue(AutowiredAnnotationBeanPostProcessor.java:785)
	at org.springframework.beans.factory.annotation.AutowiredAnnotationBeanPostProcessor$AutowiredFieldElement.inject(AutowiredAnnotationBeanPostProcessor.java:768)
	at org.springframework.beans.factory.annotation.InjectionMetadata.inject(InjectionMetadata.java:145)
	at org.springframework.beans.factory.annotation.AutowiredAnnotationBeanPostProcessor.postProcessProperties(AutowiredAnnotationBeanPostProcessor.java:509)
	... 52 common frames omitted
2026-04-24 17:22:55.560 INFO  [] o.h.validator.internal.util.Version - HV000001: Hibernate Validator 8.0.1.Final
2026-04-24 17:22:55.579 INFO  [] c.c.a.EntryLevelJavaChallengeApplication - Starting EntryLevelJavaChallengeApplication using Java 17.0.19 with PID 304410 (/home/sid/Projects/entry-level-java-challenge/api/build/classes/java/main started by sid in /home/sid/Projects/entry-level-java-challenge)
2026-04-24 17:22:55.580 INFO  [] c.c.a.EntryLevelJavaChallengeApplication - No active profile set, falling back to 1 default profile: "default"
2026-04-24 17:22:56.067 INFO  [] o.s.b.w.e.tomcat.TomcatWebServer - Tomcat initialized with port 8080 (http)
2026-04-24 17:22:56.071 INFO  [] o.a.coyote.http11.Http11NioProtocol - Initializing ProtocolHandler ["http-nio-8080"]
2026-04-24 17:22:56.074 INFO  [] o.a.catalina.core.StandardService - Starting service [Tomcat]
2026-04-24 17:22:56.074 INFO  [] o.a.catalina.core.StandardEngine - Starting Servlet engine: [Apache Tomcat/10.1.30]
2026-04-24 17:22:56.099 INFO  [] o.a.c.c.C.[Tomcat].[localhost].[/] - Initializing Spring embedded WebApplicationContext
2026-04-24 17:22:56.100 INFO  [] o.s.b.w.s.c.ServletWebServerApplicationContext - Root WebApplicationContext: initialization completed in 503 ms
2026-04-24 17:22:56.166 WARN  [] o.s.b.a.s.s.UserDetailsServiceAutoConfiguration - 

Using generated security password: 31e8ceb4-87c9-4509-a89d-95c0fb5306ba

This generated password is for development use only. Your security configuration must be updated before running your application in production.

2026-04-24 17:22:56.270 INFO  [] o.s.s.web.DefaultSecurityFilterChain - Will secure any request with [org.springframework.security.web.session.DisableEncodeUrlFilter@1200458e, org.springframework.security.web.context.request.async.WebAsyncManagerIntegrationFilter@5fcd1c5f, org.springframework.security.web.context.SecurityContextHolderFilter@71370fec, org.springframework.security.web.header.HeaderWriterFilter@343fddd9, org.springframework.security.web.authentication.logout.LogoutFilter@2c829dbc, com.challenge.api.filter.APIKeyAuthFilter@26c89563, org.springframework.security.web.savedrequest.RequestCacheAwareFilter@3fc7c734, org.springframework.security.web.servletapi.SecurityContextHolderAwareRequestFilter@202ae86f, org.springframework.security.web.authentication.AnonymousAuthenticationFilter@3cc30dee, org.springframework.security.web.session.SessionManagementFilter@5b39a3e6, org.springframework.security.web.access.ExceptionTranslationFilter@5503de1, org.springframework.security.web.access.intercept.AuthorizationFilter@39de9bda]
2026-04-24 17:22:56.363 INFO  [] o.a.coyote.http11.Http11NioProtocol - Starting ProtocolHandler ["http-nio-8080"]
2026-04-24 17:22:56.374 INFO  [] o.s.b.w.e.tomcat.TomcatWebServer - Tomcat started on port 8080 (http) with context path ''
2026-04-24 17:22:56.379 INFO  [] c.c.a.EntryLevelJavaChallengeApplication - Started EntryLevelJavaChallengeApplication in 1.013 seconds (process running for 1.255)
2026-04-24 17:23:04.931 INFO  [] o.a.c.c.C.[Tomcat].[localhost].[/] - Initializing Spring DispatcherServlet 'dispatcherServlet'
2026-04-24 17:23:04.931 INFO  [] o.s.web.servlet.DispatcherServlet - Initializing Servlet 'dispatcherServlet'
2026-04-24 17:23:04.932 INFO  [] o.s.web.servlet.DispatcherServlet - Completed initialization in 0 ms
2026-04-24 17:29:09.728 INFO  [] o.h.validator.internal.util.Version - HV000001: Hibernate Validator 8.0.1.Final
2026-04-24 17:29:09.748 INFO  [] c.c.a.EntryLevelJavaChallengeApplication - Starting EntryLevelJavaChallengeApplication using Java 17.0.19 with PID 307667 (/home/sid/Projects/entry-level-java-challenge/api/build/classes/java/main started by sid in /home/sid/Projects/entry-level-java-challenge)
2026-04-24 17:29:09.749 INFO  [] c.c.a.EntryLevelJavaChallengeApplication - No active profile set, falling back to 1 default profile: "default"
2026-04-24 17:29:10.305 INFO  [] o.s.b.w.e.tomcat.TomcatWebServer - Tomcat initialized with port 8080 (http)
2026-04-24 17:29:10.310 INFO  [] o.a.coyote.http11.Http11NioProtocol - Initializing ProtocolHandler ["http-nio-8080"]
2026-04-24 17:29:10.312 INFO  [] o.a.catalina.core.StandardService - Starting service [Tomcat]
2026-04-24 17:29:10.312 INFO  [] o.a.catalina.core.StandardEngine - Starting Servlet engine: [Apache Tomcat/10.1.30]
2026-04-24 17:29:10.336 INFO  [] o.a.c.c.C.[Tomcat].[localhost].[/] - Initializing Spring embedded WebApplicationContext
2026-04-24 17:29:10.336 INFO  [] o.s.b.w.s.c.ServletWebServerApplicationContext - Root WebApplicationContext: initialization completed in 559 ms
2026-04-24 17:29:10.391 WARN  [] o.s.b.a.s.s.UserDetailsServiceAutoConfiguration - 

Using generated security password: 3d3dcc7d-bc40-4a89-98eb-e567cf93cc9c

This generated password is for development use only. Your security configuration must be updated before running your application in production.

2026-04-24 17:29:10.468 INFO  [] o.s.s.web.DefaultSecurityFilterChain - Will secure any request with [org.springframework.security.web.session.DisableEncodeUrlFilter@5fcd1c5f, org.springframework.security.web.context.request.async.WebAsyncManagerIntegrationFilter@3cc30dee, org.springframework.security.web.context.SecurityContextHolderFilter@6707a4bf, org.springframework.security.web.header.HeaderWriterFilter@2bbb44da, org.springframework.security.web.authentication.logout.LogoutFilter@57efc6fd, com.challenge.api.filter.APIKeyAuthFilter@58f437b0, org.springframework.security.web.savedrequest.RequestCacheAwareFilter@f0a66bd, org.springframework.security.web.servletapi.SecurityContextHolderAwareRequestFilter@1989e8c6, org.springframework.security.web.authentication.AnonymousAuthenticationFilter@7d528cf7, org.springframework.security.web.session.SessionManagementFilter@5820070c, org.springframework.security.web.access.ExceptionTranslationFilter@32faa16c, org.springframework.security.web.access.intercept.AuthorizationFilter@47148f3f]
2026-04-24 17:29:10.525 INFO  [] o.a.coyote.http11.Http11NioProtocol - Starting ProtocolHandler ["http-nio-8080"]
2026-04-24 17:29:10.536 INFO  [] o.s.b.w.e.tomcat.TomcatWebServer - Tomcat started on port 8080 (http) with context path ''
2026-04-24 17:29:10.543 INFO  [] c.c.a.EntryLevelJavaChallengeApplication - Started EntryLevelJavaChallengeApplication in 1.044 seconds (process running for 1.307)
2026-04-24 17:29:13.050 INFO  [] o.a.c.c.C.[Tomcat].[localhost].[/] - Initializing Spring DispatcherServlet 'dispatcherServlet'
2026-04-24 17:29:13.050 INFO  [] o.s.web.servlet.DispatcherServlet - Initializing Servlet 'dispatcherServlet'
2026-04-24 17:29:13.051 INFO  [] o.s.web.servlet.DispatcherServlet - Completed initialization in 1 ms
2026-04-24 17:29:13.074 ERROR [] c.c.api.service.EmployeeService - User requested employee with UUID: e096e359-8c05-4559-a9e1-8a329c2069f0 did not exist.
2026-04-24 17:29:20.409 INFO  [] c.c.api.service.EmployeeService - Returning the list of existing employees.
